02-07-2026 15:21:59 INFO  TC1_VerifyBookshelvesFilter - Searching for Bookshelves
02-07-2026 15:22:03 INFO  TC1_VerifyBookshelvesFilter - TC_1 Execution Completed
02-07-2026 15:24:14 INFO  TC1_VerifyBookshelvesFilter - Searching for Bookshelves
02-07-2026 15:24:18 INFO  TC1_VerifyBookshelvesFilter - TC_1 Execution Completed
02-07-2026 15:26:38 INFO  TC1_VerifyBookshelvesFilter - Searching for Bookshelves
02-07-2026 15:26:41 INFO  TC1_VerifyBookshelvesFilter - TC_1 Execution Completed
02-07-2026 15:49:21 INFO  TC5_VerifyStudyChairFilter - TC_5 Execution Completed
02-07-2026 15:50:09 INFO  TC1_VerifyBookshelvesFilter - Searching for Bookshelves
02-07-2026 15:50:12 INFO  TC1_VerifyBookshelvesFilter - TC_1 Execution Completed
02-07-2026 15:50:15 INFO  TC5_VerifyStudyChairFilter - TC_5 Execution Completed
02-07-2026 15:50:15 INFO  TC11_VerifyNewArrivals - TC_11 Execution Completed
02-07-2026 15:50:15 INFO  TC12_VerifyOasisCollection - TC_12 Execution Completed
02-07-2026 17:50:22 INFO  TC1_VerifyBookshelvesFilter - Searching for Bookshelves
02-07-2026 17:50:27 INFO  TC11_VerifyNewArrivals - TC_11 Execution Completed
02-07-2026 17:50:37 INFO  TC12_VerifyOasisCollection - TC_12 Execution Completed
02-07-2026 17:51:29 INFO  TC1_VerifyBookshelvesFilter - Searching for Bookshelves
02-07-2026 17:51:33 INFO  TC11_VerifyNewArrivals - TC_11 Execution Completed
02-07-2026 17:51:43 INFO  TC12_VerifyOasisCollection - TC_12 Execution Completed
02-07-2026 17:52:19 INFO  TC1_VerifyBookshelvesFilter - Searching for Bookshelves
02-07-2026 17:53:21 INFO  TC1_VerifyBookshelvesFilter - Searching for Bookshelves
02-07-2026 17:57:02 INFO  TC1_VerifyBookshelvesFilter - Searching for Bookshelves
02-07-2026 17:57:06 INFO  TC11_VerifyNewArrivals - TC_11 Execution Completed
02-07-2026 17:57:16 INFO  TC12_VerifyOasisCollection - TC_12 Execution Completed
02-07-2026 18:45:44 INFO  TC1_VerifyBookshelvesFilter - Searching for Bookshelves
02-07-2026 18:45:47 INFO  TC1_VerifyBookshelvesFilter - TC_1 Execution Completed
03-07-2026 17:46:07 INFO  TC1_VerifyBookshelvesFilter - Searching for Bookshelves
03-07-2026 17:46:10 INFO  TC1_VerifyBookshelvesFilter - TC_1 Execution Completed
03-07-2026 17:51:32 INFO  TC1_VerifyBookshelvesFilter - Searching for Bookshelves
03-07-2026 17:51:34 INFO  TC1_VerifyBookshelvesFilter - TC_1 Execution Completed
03-07-2026 17:52:21 INFO  TC11_VerifyNewArrivals - TC_11 Execution Completed
03-07-2026 17:52:50 INFO  TC12_VerifyOasisCollection - TC_12 Execution Completed
03-07-2026 17:56:41 INFO  TC1_VerifyBookshelvesFilter - Searching for Bookshelves
03-07-2026 17:56:44 INFO  TC1_VerifyBookshelvesFilter - TC_1 Execution Completed
03-07-2026 18:06:41 INFO  TC1_VerifyBookshelvesFilter - Searching for Bookshelves
03-07-2026 18:06:44 INFO  TC1_VerifyBookshelvesFilter - TC_1 Execution Completed
03-07-2026 18:14:37 INFO  TC1_VerifyBookshelvesFilter - Searching for Bookshelves
03-07-2026 18:14:39 INFO  TC1_VerifyBookshelvesFilter - TC_1 Execution Completed
05-07-2026 23:51:46 INFO  TC1_VerifyBookshelvesFilter - No pop up found
05-07-2026 23:51:47 INFO  TC1_VerifyBookshelvesFilter - Searching for Bookshelves
05-07-2026 23:51:50 INFO  TC1_VerifyBookshelvesFilter - TC_1 Execution Completed
06-07-2026 00:31:28 INFO  TC1_VerifyBookshelvesFilter - No pop up found
06-07-2026 00:31:28 INFO  TC1_VerifyBookshelvesFilter - Searching for Bookshelves
06-07-2026 00:31:31 INFO  TC1_VerifyBookshelvesFilter - TC_1 Execution Completed
06-07-2026 00:34:32 INFO  TC1_VerifyBookshelvesFilter - No pop up found
06-07-2026 00:34:32 INFO  TC1_VerifyBookshelvesFilter - Searching for Bookshelves
06-07-2026 00:34:39 INFO  TC1_VerifyBookshelvesFilter - TC_1 Execution Completed
06-07-2026 10:40:45 INFO  TC1_VerifyBookshelvesFilter - No pop up found
06-07-2026 10:40:45 INFO  TC1_VerifyBookshelvesFilter - Searching for Bookshelves
06-07-2026 10:40:47 INFO  TC1_VerifyBookshelvesFilter - TC_1 Execution Completed
